INFO  [2021-09-24 14:20:43,642][engine.py:2196] 获取全量股票信息
INFO  [2021-09-24 14:20:43,670][engine.py:2196] 共5219个股票
INFO  [2021-09-24 14:20:43,670][engine.py:2196] 获取所有除权因子
INFO  [2021-09-24 14:20:43,871][engine.py:2196] 共4590条除权信息
INFO  [2021-09-24 14:20:43,871][engine.py:2196] 项目所在目录:C:\Users\Administrator\Desktop\vnpy-uquant_stock
INFO  [2021-09-24 14:20:43,872][engine.py:2196] 上交所bar数据目录:C:\Users\Administrator\Desktop\vnpy-uquant_stock\bar_data\SSE
INFO  [2021-09-24 14:20:43,872][engine.py:2196] 深交所bar数据目录:C:\Users\Administrator\Desktop\vnpy-uquant_stock\bar_data\SZSE
INFO  [2021-09-24 14:21:36,548][engine.py:2196] 加载策略类vnpy.app.cta_stock.strategies.strategy_stock_grid_trade_v2.CtaStockTemplate
INFO  [2021-09-24 14:21:36,548][engine.py:2196] 加载策略类vnpy.app.cta_stock.strategies.strategy_stock_grid_trade_v2.StrategyStockGridTradeV2
INFO  [2021-09-24 14:21:36,549][engine.py:2196] 更新策略类vnpy.app.cta_stock.strategies.strategy_stock_grid_trade_v3.CtaStockTemplate
INFO  [2021-09-24 14:21:36,549][engine.py:2196] 加载策略类vnpy.app.cta_stock.strategies.strategy_stock_grid_trade_v3.StrategyStockGridTradeV3
INFO  [2021-09-24 14:21:36,552][engine.py:2196] 开始添加策略类StrategyStockGridTradeV2，实例名:stock_grids
ERROR  [2021-09-24 14:21:36,553][engine.py:2196] 查询不到516880.SSE合约信息
ERROR  [2021-09-24 14:21:36,553][engine.py:2196] 查询不到516880.SSE合约信息
ERROR  [2021-09-24 14:21:36,554][engine.py:2196] 查询不到159843.SZSE合约信息
ERROR  [2021-09-24 14:21:36,554][engine.py:2196] 查询不到159843.SZSE合约信息
ERROR  [2021-09-24 14:21:36,555][engine.py:2196] 查询不到159870.SZSE合约信息
ERROR  [2021-09-24 14:21:36,555][engine.py:2196] 查询不到159870.SZSE合约信息
ERROR  [2021-09-24 14:21:36,558][engine.py:2196] 查询不到600426.SSE合约信息
ERROR  [2021-09-24 14:21:36,558][engine.py:2196] 查询不到600426.SSE合约信息
ERROR  [2021-09-24 14:21:36,558][engine.py:2196] 查询不到501057.SSE合约信息
ERROR  [2021-09-24 14:21:36,558][engine.py:2196] 查询不到501057.SSE合约信息
ERROR  [2021-09-24 14:21:36,559][engine.py:2196] 查询不到002340.SZSE合约信息
ERROR  [2021-09-24 14:21:36,559][engine.py:2196] 查询不到002340.SZSE合约信息
ERROR  [2021-09-24 14:21:36,559][engine.py:2196] 查询不到601899.SSE合约信息
ERROR  [2021-09-24 14:21:36,559][engine.py:2196] 查询不到601899.SSE合约信息
INFO  [2021-09-24 14:21:36,561][engine.py:2196] stock_grids开始执行初始化
INFO  [2021-09-24 14:21:36,561][engine.py:2196] CTA策略股票引擎初始化成功
ERROR  [2021-09-24 14:21:36,586][engine.py:2196] 516880.SSE不在基础配置股票信息中
ERROR  [2021-09-24 14:21:37,639][engine.py:2196] 159843.SZSE不在基础配置股票信息中
ERROR  [2021-09-24 14:21:38,434][engine.py:2196] 159870.SZSE不在基础配置股票信息中
ERROR  [2021-09-24 14:21:39,317][engine.py:2196] 没有bar数据文件：C:\Users\Administrator\Desktop\vnpy-uquant_stock\bar_data\SSE\600426_3m.csv
ERROR  [2021-09-24 14:21:40,298][engine.py:2196] 501057.SSE不在基础配置股票信息中
ERROR  [2021-09-24 14:21:41,279][engine.py:2196] 没有bar数据文件：C:\Users\Administrator\Desktop\vnpy-uquant_stock\bar_data\SZSE\002340_3m.csv
ERROR  [2021-09-24 14:21:42,249][engine.py:2196] 没有bar数据文件：C:\Users\Administrator\Desktop\vnpy-uquant_stock\bar_data\SSE\601899_3m.csv
INFO  [2021-09-24 14:21:43,309][engine.py:2196] 找不到合约516880.SSE信息，尝试请求所有接口
INFO  [2021-09-24 14:21:43,309][engine.py:2196] 找不到合约159843.SZSE信息，尝试请求所有接口
INFO  [2021-09-24 14:21:43,309][engine.py:2196] 找不到合约159870.SZSE信息，尝试请求所有接口
INFO  [2021-09-24 14:21:43,310][engine.py:2196] 找不到合约600426.SSE信息，尝试请求所有接口
INFO  [2021-09-24 14:21:43,310][engine.py:2196] 找不到合约501057.SSE信息，尝试请求所有接口
INFO  [2021-09-24 14:21:43,310][engine.py:2196] 找不到合约002340.SZSE信息，尝试请求所有接口
INFO  [2021-09-24 14:21:43,311][engine.py:2196] 找不到合约601899.SSE信息，尝试请求所有接口
INFO  [2021-09-24 14:21:43,311][engine.py:2196] stock_grids初始化完成
ERROR  [2021-09-24 14:21:43,311][engine.py:2196] stock_grids已经启动，请勿重复操作
