INFO  [2021-09-24 14:21:36,554][engine.py:2193] 添加516880.SSE k线:{'name': '516880.SSE', 'bar_interval': 3, 'price_tick': 0.01, 'underly_symbol': '516880.SSE', 'is_stock': True, 'para_active_chanlun': True, 'para_active_chan_xt': True}
INFO  [2021-09-24 14:21:36,555][engine.py:2193] 添加159843.SZSE k线:{'name': '159843.SZSE', 'bar_interval': 3, 'price_tick': 0.01, 'underly_symbol': '159843.SZSE', 'is_stock': True, 'para_active_chanlun': True, 'para_active_chan_xt': True}
INFO  [2021-09-24 14:21:36,555][engine.py:2193] 添加159870.SZSE k线:{'name': '159870.SZSE', 'bar_interval': 3, 'price_tick': 0.01, 'underly_symbol': '159870.SZSE', 'is_stock': True, 'para_active_chanlun': True, 'para_active_chan_xt': True}
INFO  [2021-09-24 14:21:36,558][engine.py:2193] 添加600426.SSE k线:{'name': '600426.SSE', 'bar_interval': 3, 'price_tick': 0.01, 'underly_symbol': '600426.SSE', 'is_stock': True, 'para_active_chanlun': True, 'para_active_chan_xt': True}
INFO  [2021-09-24 14:21:36,559][engine.py:2193] 添加501057.SSE k线:{'name': '501057.SSE', 'bar_interval': 3, 'price_tick': 0.01, 'underly_symbol': '501057.SSE', 'is_stock': True, 'para_active_chanlun': True, 'para_active_chan_xt': True}
INFO  [2021-09-24 14:21:36,559][engine.py:2193] 添加002340.SZSE k线:{'name': '002340.SZSE', 'bar_interval': 3, 'price_tick': 0.01, 'underly_symbol': '002340.SZSE', 'is_stock': True, 'para_active_chanlun': True, 'para_active_chan_xt': True}
INFO  [2021-09-24 14:21:36,559][engine.py:2193] 添加601899.SSE k线:{'name': '601899.SSE', 'bar_interval': 3, 'price_tick': 0.01, 'underly_symbol': '601899.SSE', 'is_stock': True, 'para_active_chanlun': True, 'para_active_chan_xt': True}
INFO  [2021-09-24 14:21:36,561][engine.py:2193] stock_grids策略初始化
INFO  [2021-09-24 14:21:36,561][engine.py:2193] init_policy(),初始化执行逻辑
INFO  [2021-09-24 14:21:36,579][engine.py:2193] {
  "create_time": "",
  "save_time": "",
  "cur_trading_date": null,
  "sub_tns": {},
  "signals": {},
  "grids": {}
}
INFO  [2021-09-24 14:21:36,579][engine.py:2193] init_position(),初始化持仓
INFO  [2021-09-24 14:21:36,580][engine.py:2193] C:\Users\Administrator\Desktop\vnpy-uquant_stock\prod\stock_dongchai\data\stock_grids_Grids.json不存在，新建保存保存
INFO  [2021-09-24 14:21:36,582][engine.py:2193] 没有持久化的多单数据
INFO  [2021-09-24 14:21:36,584][engine.py:2193] GrideTrade保存文件C:\Users\Administrator\Desktop\vnpy-uquant_stock\prod\stock_dongchai\data\stock_grids_Grids.json完成
ERROR  [2021-09-24 14:21:36,586][engine.py:2193] 加载缓存K线数据失败:[Errno 2] No such file or directory: 'C:\\Users\\Administrator\\Desktop\\vnpy-uquant_stock\\prod\\stock_dongchai\\data\\klines\\stock_grids_516880.SSE_klines.pkb2'
INFO  [2021-09-24 14:21:36,586][engine.py:2193] [初始化]516880.SSE无本地缓存文件pkb2，取35天3[1m]数据
ERROR  [2021-09-24 14:21:36,586][engine.py:2193] [初始化]获取516880.SSE{self.cta_engine.get_name(vt_symbol)}{kline.bar_interval}[{kline.interval.value}] {days}天数据失败
INFO  [2021-09-24 14:21:36,905][engine.py:2193] 获取历史分时数据成功，516880 ，2021-09-16 09:30:00 - 2021-09-24 14:22:00
INFO  [2021-09-24 14:21:36,906][engine.py:2193] 已下载516880.SSE[516880.SSE] bars:,共1167
INFO  [2021-09-24 14:21:37,638][engine.py:2193] 保存516880.SSE K线数据成功=>C:\Users\Administrator\Desktop\vnpy-uquant_stock\prod\stock_dongchai\data\klines\stock_grids_516880.SSE_klines.pkb2
ERROR  [2021-09-24 14:21:37,639][engine.py:2193] 加载缓存K线数据失败:[Errno 2] No such file or directory: 'C:\\Users\\Administrator\\Desktop\\vnpy-uquant_stock\\prod\\stock_dongchai\\data\\klines\\stock_grids_159843.SZSE_klines.pkb2'
INFO  [2021-09-24 14:21:37,639][engine.py:2193] [初始化]159843.SZSE无本地缓存文件pkb2，取35天3[1m]数据
ERROR  [2021-09-24 14:21:37,639][engine.py:2193] [初始化]获取159843.SZSE{self.cta_engine.get_name(vt_symbol)}{kline.bar_interval}[{kline.interval.value}] {days}天数据失败
INFO  [2021-09-24 14:21:37,762][engine.py:2193] 获取历史分时数据成功，159843 ，2021-09-16 09:30:00 - 2021-09-24 14:22:00
INFO  [2021-09-24 14:21:37,763][engine.py:2193] 已下载159843.SZSE[159843.SZSE] bars:,共1167
INFO  [2021-09-24 14:21:38,434][engine.py:2193] 保存159843.SZSE K线数据成功=>C:\Users\Administrator\Desktop\vnpy-uquant_stock\prod\stock_dongchai\data\klines\stock_grids_159843.SZSE_klines.pkb2
ERROR  [2021-09-24 14:21:38,434][engine.py:2193] 加载缓存K线数据失败:[Errno 2] No such file or directory: 'C:\\Users\\Administrator\\Desktop\\vnpy-uquant_stock\\prod\\stock_dongchai\\data\\klines\\stock_grids_159870.SZSE_klines.pkb2'
INFO  [2021-09-24 14:21:38,434][engine.py:2193] [初始化]159870.SZSE无本地缓存文件pkb2，取35天3[1m]数据
ERROR  [2021-09-24 14:21:38,435][engine.py:2193] [初始化]获取159870.SZSE{self.cta_engine.get_name(vt_symbol)}{kline.bar_interval}[{kline.interval.value}] {days}天数据失败
INFO  [2021-09-24 14:21:38,622][engine.py:2193] 获取历史分时数据成功，159870 ，2021-09-16 09:30:00 - 2021-09-24 14:22:00
INFO  [2021-09-24 14:21:38,622][engine.py:2193] 已下载159870.SZSE[159870.SZSE] bars:,共1167
INFO  [2021-09-24 14:21:39,315][engine.py:2193] 保存159870.SZSE K线数据成功=>C:\Users\Administrator\Desktop\vnpy-uquant_stock\prod\stock_dongchai\data\klines\stock_grids_159870.SZSE_klines.pkb2
ERROR  [2021-09-24 14:21:39,316][engine.py:2193] 加载缓存K线数据失败:[Errno 2] No such file or directory: 'C:\\Users\\Administrator\\Desktop\\vnpy-uquant_stock\\prod\\stock_dongchai\\data\\klines\\stock_grids_600426.SSE_klines.pkb2'
INFO  [2021-09-24 14:21:39,317][engine.py:2193] [初始化]600426.SSE无本地缓存文件pkb2，取35天3[1m]数据
ERROR  [2021-09-24 14:21:39,317][engine.py:2193] [初始化]获取600426.SSE{self.cta_engine.get_name(vt_symbol)}{kline.bar_interval}[{kline.interval.value}] {days}天数据失败
INFO  [2021-09-24 14:21:39,490][engine.py:2193] 获取历史分时数据成功，600426 ，2021-09-16 09:30:00 - 2021-09-24 14:22:00
INFO  [2021-09-24 14:21:39,491][engine.py:2193] 已下载600426.SSE[600426.SSE] bars:,共1167
INFO  [2021-09-24 14:21:40,296][engine.py:2193] 保存600426.SSE K线数据成功=>C:\Users\Administrator\Desktop\vnpy-uquant_stock\prod\stock_dongchai\data\klines\stock_grids_600426.SSE_klines.pkb2
ERROR  [2021-09-24 14:21:40,298][engine.py:2193] 加载缓存K线数据失败:[Errno 2] No such file or directory: 'C:\\Users\\Administrator\\Desktop\\vnpy-uquant_stock\\prod\\stock_dongchai\\data\\klines\\stock_grids_501057.SSE_klines.pkb2'
INFO  [2021-09-24 14:21:40,298][engine.py:2193] [初始化]501057.SSE无本地缓存文件pkb2，取35天3[1m]数据
ERROR  [2021-09-24 14:21:40,298][engine.py:2193] [初始化]获取501057.SSE{self.cta_engine.get_name(vt_symbol)}{kline.bar_interval}[{kline.interval.value}] {days}天数据失败
INFO  [2021-09-24 14:21:40,509][engine.py:2193] 获取历史分时数据成功，501057 ，2021-09-16 09:30:00 - 2021-09-24 14:22:00
INFO  [2021-09-24 14:21:40,510][engine.py:2193] 已下载501057.SSE[501057.SSE] bars:,共1167
INFO  [2021-09-24 14:21:41,278][engine.py:2193] 保存501057.SSE K线数据成功=>C:\Users\Administrator\Desktop\vnpy-uquant_stock\prod\stock_dongchai\data\klines\stock_grids_501057.SSE_klines.pkb2
ERROR  [2021-09-24 14:21:41,279][engine.py:2193] 加载缓存K线数据失败:[Errno 2] No such file or directory: 'C:\\Users\\Administrator\\Desktop\\vnpy-uquant_stock\\prod\\stock_dongchai\\data\\klines\\stock_grids_002340.SZSE_klines.pkb2'
INFO  [2021-09-24 14:21:41,279][engine.py:2193] [初始化]002340.SZSE无本地缓存文件pkb2，取35天3[1m]数据
ERROR  [2021-09-24 14:21:41,280][engine.py:2193] [初始化]获取002340.SZSE{self.cta_engine.get_name(vt_symbol)}{kline.bar_interval}[{kline.interval.value}] {days}天数据失败
INFO  [2021-09-24 14:21:41,443][engine.py:2193] 获取历史分时数据成功，002340 ，2021-09-16 09:30:00 - 2021-09-24 14:22:00
INFO  [2021-09-24 14:21:41,443][engine.py:2193] 已下载002340.SZSE[002340.SZSE] bars:,共1167
INFO  [2021-09-24 14:21:42,248][engine.py:2193] 保存002340.SZSE K线数据成功=>C:\Users\Administrator\Desktop\vnpy-uquant_stock\prod\stock_dongchai\data\klines\stock_grids_002340.SZSE_klines.pkb2
ERROR  [2021-09-24 14:21:42,249][engine.py:2193] 加载缓存K线数据失败:[Errno 2] No such file or directory: 'C:\\Users\\Administrator\\Desktop\\vnpy-uquant_stock\\prod\\stock_dongchai\\data\\klines\\stock_grids_601899.SSE_klines.pkb2'
INFO  [2021-09-24 14:21:42,249][engine.py:2193] [初始化]601899.SSE无本地缓存文件pkb2，取35天3[1m]数据
ERROR  [2021-09-24 14:21:42,250][engine.py:2193] [初始化]获取601899.SSE{self.cta_engine.get_name(vt_symbol)}{kline.bar_interval}[{kline.interval.value}] {days}天数据失败
INFO  [2021-09-24 14:21:42,424][engine.py:2193] 获取历史分时数据成功，601899 ，2021-09-16 09:30:00 - 2021-09-24 14:22:00
INFO  [2021-09-24 14:21:42,424][engine.py:2193] 已下载601899.SSE[601899.SSE] bars:,共1167
INFO  [2021-09-24 14:21:43,308][engine.py:2193] 保存601899.SSE K线数据成功=>C:\Users\Administrator\Desktop\vnpy-uquant_stock\prod\stock_dongchai\data\klines\stock_grids_601899.SSE_klines.pkb2
INFO  [2021-09-24 14:21:43,309][engine.py:2193] 策略初始化完成
INFO  [2021-09-24 14:21:43,309][engine.py:2193] 找不到合约516880.SSE,添加到待订阅列表
INFO  [2021-09-24 14:21:43,309][engine.py:2193] 找不到合约159843.SZSE,添加到待订阅列表
INFO  [2021-09-24 14:21:43,309][engine.py:2193] 找不到合约159870.SZSE,添加到待订阅列表
INFO  [2021-09-24 14:21:43,310][engine.py:2193] 找不到合约600426.SSE,添加到待订阅列表
INFO  [2021-09-24 14:21:43,310][engine.py:2193] 找不到合约501057.SSE,添加到待订阅列表
INFO  [2021-09-24 14:21:43,310][engine.py:2193] 找不到合约002340.SZSE,添加到待订阅列表
INFO  [2021-09-24 14:21:43,310][engine.py:2193] 找不到合约601899.SSE,添加到待订阅列表
INFO  [2021-09-24 14:21:43,729][engine.py:2193] 516880.SSE [516880.SSE  ] 当前价格: 1.415
INFO  [2021-09-24 14:21:43,729][engine.py:2193] 159843.SZSE[159843.SZSE ] 当前价格: None
INFO  [2021-09-24 14:21:43,729][engine.py:2193] 159870.SZSE[159870.SZSE ] 当前价格: None
INFO  [2021-09-24 14:21:43,729][engine.py:2193] 600426.SSE [600426.SSE  ] 当前价格: None
INFO  [2021-09-24 14:21:43,729][engine.py:2193] 501057.SSE [501057.SSE  ] 当前价格: None
INFO  [2021-09-24 14:21:43,730][engine.py:2193] 002340.SZSE[002340.SZSE ] 当前价格: None
INFO  [2021-09-24 14:21:43,732][engine.py:2193] 601899.SSE [601899.SSE  ] 当前价格: None
INFO  [2021-09-24 14:21:43,732][engine.py:2193] 当前委托状态:0
INFO  [2021-09-24 14:21:43,734][engine.py:2193] 当前Policy:{
  "create_time": "",
  "save_time": "",
  "cur_trading_date": null,
  "sub_tns": {},
  "signals": {},
  "grids": {
    "516880.SSE": {
      "name": "516880.SSE",
      "high_price": 1.415,
      "grid_height": 0.04,
      "open_prices": [
        1.33,
        1.29,
        1.26,
        1.22,
        1.18,
        1.14,
        1.09,
        1.06,
        1.02,
        0.98,
        0.94,
        0.9,
        0.85,
        0.82,
        0.78
      ]
    }
  }
}
INFO  [2021-09-24 14:22:00,508][engine.py:2193] 策略返回持仓信息:[{'vt_symbol': '516880.SSE', 'direction': 'long', 'volume': 0, 'price': 0, 'pnl': 0}, {'vt_symbol': '159843.SZSE', 'direction': 'long', 'volume': 0, 'price': 0, 'pnl': 0}, {'vt_symbol': '159870.SZSE', 'direction': 'long', 'volume': 0, 'price': 0, 'pnl': 0}, {'vt_symbol': '600426.SSE', 'direction': 'long', 'volume': 0, 'price': 0, 'pnl': 0}, {'vt_symbol': '501057.SSE', 'direction': 'long', 'volume': 0, 'price': 0, 'pnl': 0}, {'vt_symbol': '002340.SZSE', 'direction': 'long', 'volume': 0, 'price': 0, 'pnl': 0}, {'vt_symbol': '601899.SSE', 'direction': 'long', 'volume': 0, 'price': 0, 'pnl': 0}]
INFO  [2021-09-24 14:22:06,659][engine.py:2193] 516880.SSE [516880.SSE  ] 当前价格: 1.415
INFO  [2021-09-24 14:22:06,659][engine.py:2193] 159843.SZSE[159843.SZSE ] 当前价格: 0.85
INFO  [2021-09-24 14:22:06,659][engine.py:2193] 159870.SZSE[159870.SZSE ] 当前价格: 1.132
INFO  [2021-09-24 14:22:06,659][engine.py:2193] 600426.SSE [600426.SSE  ] 当前价格: 34.91
INFO  [2021-09-24 14:22:06,660][engine.py:2193] 501057.SSE [501057.SSE  ] 当前价格: 3.13
INFO  [2021-09-24 14:22:06,660][engine.py:2193] 002340.SZSE[002340.SZSE ] 当前价格: 12.23
INFO  [2021-09-24 14:22:06,660][engine.py:2193] 601899.SSE [601899.SSE  ] 当前价格: 10.36
INFO  [2021-09-24 14:22:06,660][engine.py:2193] 当前委托状态:0
INFO  [2021-09-24 14:22:06,661][engine.py:2193] 当前Policy:{
  "create_time": "",
  "save_time": "",
  "cur_trading_date": null,
  "sub_tns": {},
  "signals": {},
  "grids": {
    "516880.SSE": {
      "name": "516880.SSE",
      "high_price": 1.415,
      "grid_height": 0.04,
      "open_prices": [
        1.33,
        1.29,
        1.26,
        1.22,
        1.18,
        1.14,
        1.09,
        1.06,
        1.02,
        0.98,
        0.94,
        0.9,
        0.85,
        0.82,
        0.78
      ]
    },
    "159843.SZSE": {
      "name": "159843.SZSE",
      "high_price": 0.85,
      "grid_height": 0.02,
      "open_prices": [
        0.81,
        0.79,
        0.77,
        0.75,
        0.73,
        0.71,
        0.69,
        0.67,
        0.65,
        0.63,
        0.61,
        0.59,
        0.57,
        0.55,
        0.53
      ]
    },
    "159870.SZSE": {
      "name": "159870.SZSE",
      "high_price": 1.132,
      "grid_height": 0.03,
      "open_prices": [
        1.07,
        1.04,
        1.01,
        0.98,
        0.95,
        0.92,
        0.89,
        0.86,
        0.83,
        0.8,
        0.77,
        0.74,
        0.71,
        0.68,
        0.65
      ]
    },
    "600426.SSE": {
      "name": "600426.SSE",
      "high_price": 34.93,
      "grid_height": 0.87,
      "open_prices": [
        33.19,
        32.32,
        31.45,
        30.58,
        29.71,
        28.84,
        27.97,
        27.1,
        26.23,
        25.36,
        24.49,
        23.62,
        22.75,
        21.88,
        21.01
      ]
    },
    "501057.SSE": {
      "name": "501057.SSE",
      "high_price": 3.13,
      "grid_height": 0.08,
      "open_prices": [
        2.97,
        2.89,
        2.81,
        2.73,
        2.65,
        2.57,
        2.49,
        2.41,
        2.33,
        2.25,
        2.17,
        2.09,
        2.01,
        1.93,
        1.85
      ]
    },
    "002340.SZSE": {
      "name": "002340.SZSE",
      "high_price": 12.23,
      "grid_height": 0.31,
      "open_prices": [
        11.61,
        11.3,
        10.99,
        10.68,
        10.37,
        10.06,
        9.75,
        9.44,
        9.13,
        8.82,
        8.51,
        8.2,
        7.89,
        7.58,
        7.27
      ]
    },
    "601899.SSE": {
      "name": "601899.SSE",
      "high_price": 10.37,
      "grid_height": 0.26,
      "open_prices": [
        9.85,
        9.59,
        9.33,
        9.07,
        8.81,
        8.55,
        8.29,
        8.03,
        7.77,
        7.51,
        7.25,
        6.99,
        6.73,
        6.47,
        6.21
      ]
    }
  }
}
