INFO  [2021-10-08 17:43:10,589][engine.py:152] 获取全量股票信息
INFO  [2021-10-08 17:43:10,589][engine.py:152] 获取全量股票信息
INFO  [2021-10-08 17:43:10,610][engine.py:152] 共5230个股票
INFO  [2021-10-08 17:43:10,610][engine.py:152] 共5230个股票
INFO  [2021-10-08 17:43:10,611][engine.py:152] 获取所有除权因子
INFO  [2021-10-08 17:43:10,611][engine.py:152] 获取所有除权因子
INFO  [2021-10-08 17:43:10,623][engine.py:152] 共249条除权信息
INFO  [2021-10-08 17:43:10,623][engine.py:152] 共249条除权信息
INFO  [2021-10-08 17:43:10,623][engine.py:152] 项目所在目录:/Users/gary/workspace/quant/vnpy
INFO  [2021-10-08 17:43:10,623][engine.py:152] 项目所在目录:/Users/gary/workspace/quant/vnpy
INFO  [2021-10-08 17:43:10,623][engine.py:152] 上交所bar数据目录:/Users/gary/workspace/quant/vnpy/bar_data/SSE
INFO  [2021-10-08 17:43:10,623][engine.py:152] 上交所bar数据目录:/Users/gary/workspace/quant/vnpy/bar_data/SSE
INFO  [2021-10-08 17:43:10,623][engine.py:152] 深交所bar数据目录:/Users/gary/workspace/quant/vnpy/bar_data/SZSE
INFO  [2021-10-08 17:43:10,623][engine.py:152] 深交所bar数据目录:/Users/gary/workspace/quant/vnpy/bar_data/SZSE
INFO  [2021-10-08 17:43:10,883][engine.py:152] 加载策略类vnpy.app.stock_screener.strategies.strategy_chanlun_3rd_buy.StrategyChanlunThreeBuy
INFO  [2021-10-08 17:43:10,883][engine.py:152] 加载策略类vnpy.app.stock_screener.strategies.strategy_chanlun_3rd_buy.StrategyChanlunThreeBuy
INFO  [2021-10-08 17:43:10,886][engine.py:152] 加载策略类vnpy.app.stock_screener.strategies.strategy_macd_div.StrategyMacdDiv
INFO  [2021-10-08 17:43:10,886][engine.py:152] 加载策略类vnpy.app.stock_screener.strategies.strategy_macd_div.StrategyMacdDiv
INFO  [2021-10-08 17:43:10,886][engine.py:152] CTA策略引擎初始化成功
INFO  [2021-10-08 17:43:10,886][engine.py:152] CTA策略引擎初始化成功
